----------------------------------------------------------------
Fri Oct 07 16:33:37 CEST 2016:
Booting Derby version The Apache Software Foundation - Apache Derby - 10.12.1.1 - (1704137): instance a816c00e-0157-9f90-4ed5-00000695fc30 
on database directory memory:C:\Users\jerome\OneDrive\Travail\Miage\M2\Composants Entreprise JEE\TP\TP3\filestore-ejb\unit-testing-jpa with class loader sun.misc.Launcher$AppClassLoader@75b84c92 
Loaded from file:/C:/Users/jerome/.m2/repository/org/apache/derby/derby/10.12.1.1/derby-10.12.1.1.jar
java.vendor=Oracle Corporation
java.runtime.version=1.8.0_73-b02
user.dir=C:\Users\jerome\OneDrive\Travail\Miage\M2\Composants Entreprise JEE\TP\TP3\filestore-ejb
os.name=Windows 10
os.arch=amd64
os.version=10.0
derby.system.home=null
Database Class Loader started - derby.database.classpath=''
----------------------------------------------------------------
Fri Oct 07 16:33:40 CEST 2016:
Shutting down instance a816c00e-0157-9f90-4ed5-00000695fc30 on database directory memory:C:\Users\jerome\OneDrive\Travail\Miage\M2\Composants Entreprise JEE\TP\TP3\filestore-ejb\unit-testing-jpa with class loader sun.misc.Launcher$AppClassLoader@75b84c92 
----------------------------------------------------------------
Fri Oct 07 16:33:40 CEST 2016:
Booting Derby version The Apache Software Foundation - Apache Derby - 10.12.1.1 - (1704137): instance 74d240cf-0157-9f90-4ed5-00000695fc30 
on database directory memory:C:\Users\jerome\OneDrive\Travail\Miage\M2\Composants Entreprise JEE\TP\TP3\filestore-ejb\unit-testing-jpa with class loader sun.misc.Launcher$AppClassLoader@75b84c92 
Loaded from file:/C:/Users/jerome/.m2/repository/org/apache/derby/derby/10.12.1.1/derby-10.12.1.1.jar
java.vendor=Oracle Corporation
java.runtime.version=1.8.0_73-b02
user.dir=C:\Users\jerome\OneDrive\Travail\Miage\M2\Composants Entreprise JEE\TP\TP3\filestore-ejb
os.name=Windows 10
os.arch=amd64
os.version=10.0
derby.system.home=null
Database Class Loader started - derby.database.classpath=''
----------------------------------------------------------------
Fri Oct 07 16:33:40 CEST 2016:
Shutting down instance 74d240cf-0157-9f90-4ed5-00000695fc30 on database directory memory:C:\Users\jerome\OneDrive\Travail\Miage\M2\Composants Entreprise JEE\TP\TP3\filestore-ejb\unit-testing-jpa with class loader sun.misc.Launcher$AppClassLoader@75b84c92 
